


ARM Macro Assembler    Page 1 


    1 00000000         ;/**
    2 00000000         ;  *****************************************************
                       *************************
    3 00000000         ;  * @file    startup_gd32f1x0.s
    4 00000000         ;  * @author  MCU SD
    5 00000000         ;  * @version V1.0.1   
    6 00000000         ;  * @date    6-Sep-2014
    7 00000000         ;  * @brief   GD32F1x0 startup code.
    8 00000000         ;  *****************************************************
                       *************************
    9 00000000         ;  */
   10 00000000         
   11 00000000         ;/* <<< Use Configuration Wizard in Context Menu >>>    
                                                                           */
   12 00000000         
   13 00000000         ; Amount of memory (in bytes) allocated for Stack and He
                       ap
   14 00000000         ; Tailor those values to your application needs
   15 00000000         ;// <h> Stack Configuration
   16 00000000         ;//   <o> Stack Size (in Bytes) <0-8192:8>
   17 00000000         ;// </h>
   18 00000000 00000400 
                       Stack_Size
                               EQU              0x400
   19 00000000         
   20 00000000                 AREA             STACK, NOINIT, READWRITE, ALIGN
 = 3
   21 00000000         Stack_Mem
                               SPACE            Stack_Size
   22 00000400         __initial_sp
   23 00000400         
   24 00000400         ;// <h> Heap Configuration
   25 00000400         ;//   <o>  Heap Size (in Bytes) <0-8192:8>
   26 00000400         ;// </h>
   27 00000400 00000400 
                       Heap_Size
                               EQU              0x400
   28 00000400         
   29 00000400                 AREA             HEAP, NOINIT, READWRITE, ALIGN 
= 3
   30 00000000         __heap_base
   31 00000000         Heap_Mem
                               SPACE            Heap_Size
   32 00000400         __heap_limit
   33 00000400         
   34 00000400         
   35 00000400                 PRESERVE8
   36 00000400                 THUMB
   37 00000400         
   38 00000400         ; Vector table entries with the exceptions ISR address
   39 00000400                 AREA             RESET, DATA, READONLY
   40 00000000                 EXPORT           __Vectors
   41 00000000                 EXPORT           __Vectors_End
   42 00000000                 EXPORT           __Vectors_Size
   43 00000000         
   44 00000000 00000000 
                       __Vectors
                               DCD              __initial_sp ; Top of Stack
   45 00000004 00000000        DCD              Reset_Handler ; Reset Handler



ARM Macro Assembler    Page 2 


   46 00000008 00000000        DCD              NMI_Handler ; NMI Handler
   47 0000000C 00000000        DCD              HardFault_Handler ; Hard Fault 
                                                            Handler
   48 00000010 00000000        DCD              MemManage_Handler 
                                                            ; MPU Fault Handler
                                                            
   49 00000014 00000000        DCD              BusFault_Handler 
                                                            ; Bus Fault Handler
                                                            
   50 00000018 00000000        DCD              UsageFault_Handler ; Usage Faul
                                                            t Handler
   51 0000001C 00000000        DCD              0           ; Reserved
   52 00000020 00000000        DCD              0           ; Reserved
   53 00000024 00000000        DCD              0           ; Reserved
   54 00000028 00000000        DCD              0           ; Reserved
   55 0000002C 00000000        DCD              SVC_Handler ; SVCall Handler
   56 00000030 00000000        DCD              DebugMon_Handler ; Debug Monito
                                                            r Handler
   57 00000034 00000000        DCD              0           ; Reserved
   58 00000038 00000000        DCD              PendSV_Handler ; PendSV Handler
                                                            
   59 0000003C 00000000        DCD              SysTick_Handler 
                                                            ; SysTick Handler
   60 00000040         
   61 00000040         ; External Interrupts
   62 00000040 00000000        DCD              WWDG_IRQHandler 
                                                            ; Window Watchdog
   63 00000044 00000000        DCD              LVD_IRQHandler ; LVD through EX
                                                            TI Line detect
   64 00000048 00000000        DCD              RTC_IRQHandler ; RTC through EX
                                                            TI Line
   65 0000004C 00000000        DCD              FMC_IRQHandler ; FMC
   66 00000050 00000000        DCD              RCC_IRQHandler ; RCC
   67 00000054 00000000        DCD              EXTI0_1_IRQHandler 
                                                            ; EXTI Line 0 and 1
                                                            
   68 00000058 00000000        DCD              EXTI2_3_IRQHandler 
                                                            ; EXTI Line 2 and 3
                                                            
   69 0000005C 00000000        DCD              EXTI4_15_IRQHandler 
                                                            ; EXTI Line 4 to 15
                                                            
   70 00000060 00000000        DCD              TS_IRQHandler ; TS
   71 00000064 00000000        DCD              DMA1_Channel1_IRQHandler 
                                                            ; DMA1 Channel 1
   72 00000068 00000000        DCD              DMA1_Channel2_3_IRQHandler ; DM
                                                            A1 Channel 2 and Ch
                                                            annel 3
   73 0000006C 00000000        DCD              DMA1_Channel4_5_IRQHandler ; DM
                                                            A1 Channel 4 and Ch
                                                            annel 5
   74 00000070 00000000        DCD              ADC1_CMP_IRQHandler ; ADC1, CMP
                                                            1 and CMP2 
   75 00000074 00000000        DCD              TIM1_BRK_UP_TRG_COM_IRQHandler 
                                                            ; TIM1 Break, Updat
                                                            e, Trigger and Comm
                                                            utation
   76 00000078 00000000        DCD              TIM1_CC_IRQHandler ; TIM1 Captu
                                                            re Compare



ARM Macro Assembler    Page 3 


   77 0000007C 00000000        DCD              TIM2_IRQHandler ; TIM2
   78 00000080 00000000        DCD              TIM3_IRQHandler ; TIM3
   79 00000084 00000000        DCD              TIM6_DAC_IRQHandler 
                                                            ; TIM6 and DAC
   80 00000088 00000000        DCD              0           ; Reserved
   81 0000008C 00000000        DCD              TIM14_IRQHandler ; TIM14
   82 00000090 00000000        DCD              TIM15_IRQHandler ; TIM15
   83 00000094 00000000        DCD              TIM16_IRQHandler ; TIM16
   84 00000098 00000000        DCD              TIM17_IRQHandler ; TIM17
   85 0000009C 00000000        DCD              I2C1_EV_IRQHandler ; I2C1 Event
                                                            
   86 000000A0 00000000        DCD              I2C2_EV_IRQHandler ; I2C2 Event
                                                            
   87 000000A4 00000000        DCD              SPI1_IRQHandler ; SPI1
   88 000000A8 00000000        DCD              SPI2_IRQHandler ; SPI2
   89 000000AC 00000000        DCD              USART1_IRQHandler ; USART1
   90 000000B0 00000000        DCD              USART2_IRQHandler ; USART2
   91 000000B4 00000000        DCD              0           ; Reserved
   92 000000B8 00000000        DCD              CEC_IRQHandler ; CEC
   93 000000BC 00000000        DCD              0           ; Reserved
   94 000000C0 00000000        DCD              I2C1_ER_IRQHandler ; I2C1 Error
                                                            
   95 000000C4 00000000        DCD              0           ; Reserved
   96 000000C8 00000000        DCD              I2C2_ER_IRQHandler ; I2C2 Error
                                                            
   97 000000CC 00000000        DCD              I2C3_EV_IRQHandler ; I2C3 Event
                                                            
   98 000000D0 00000000        DCD              I2C3_ER_IRQHandler ; I2C3 Error
                                                            
   99 000000D4 00000000        DCD              USB_LP_IRQHandler ; USB Low  Pr
                                                            iority 
  100 000000D8 00000000        DCD              USB_HP_IRQHandler 
                                                            ; USB High Priority
                                                            
  101 000000DC 00000000        DCD              0           ; Reserved
  102 000000E0 00000000        DCD              0           ; Reserved
  103 000000E4 00000000        DCD              0           ; Reserved
  104 000000E8 00000000        DCD              USBWakeUp_IRQHandler ; USB Wake
                                                            up from suspend
  105 000000EC 00000000        DCD              0           ; Reserved
  106 000000F0 00000000        DCD              0           ; Reserved
  107 000000F4 00000000        DCD              0           ; Reserved
  108 000000F8 00000000        DCD              0           ; Reserved
  109 000000FC 00000000        DCD              0           ; Reserved
  110 00000100 00000000        DCD              DMA1_Channel6_7_IRQHandler ; DM
                                                            A1 Channel 6 and Ch
                                                            annel 7
  111 00000104 00000000        DCD              0           ; Reserved
  112 00000108 00000000        DCD              0           ; Reserved
  113 0000010C 00000000        DCD              SPI3_IRQHandler ; SPI3
  114 00000110         
  115 00000110 00 00 00 
              00 00 00 
              00 00 00 
              00 00 00 
              00 00 00 
              00 00 00 
              00 00 00 
              00 00 00 



ARM Macro Assembler    Page 4 


              00 00 00 
              00 00 00 
              00 00 00 
              00 00 00 
              00 00 00 
              00 00 00 
              00 00 00 
              00 00 00 
              00 00 00 
              00 00 00 
              00 00 00 
              00 00 00 
              00 00 00 
              00 00 00 
              00 00 00 
              00 00 00 
              00 00            SPACE            0x4A
  116 0000015A         
  117 0000015A         
  118 0000015A         
  119 0000015A         __Vectors_End
  120 0000015A         
  121 0000015A 0000015A 
                       __Vectors_Size
                               EQU              __Vectors_End - __Vectors
  122 0000015A         
  123 0000015A                 AREA             |.text|, CODE, READONLY
  124 00000000         
  125 00000000         ; Reset handler routine
  126 00000000         Reset_Handler
                               PROC
  127 00000000                 EXPORT           Reset_Handler                  
 [WEAK]
  128 00000000                 IMPORT           __main
  129 00000000                 IMPORT           System_Init
  130 00000000 4809            LDR              R0, =System_Init
  131 00000002 4780            BLX              R0
  132 00000004 4809            LDR              R0, =__main
  133 00000006 4700            BX               R0
  134 00000008                 ENDP
  135 00000008         
  136 00000008         ; Dummy Exception Handlers
  137 00000008         NMI_Handler
                               PROC
  138 00000008                 EXPORT           NMI_Handler                    
 [WEAK]
  139 00000008 E7FE            B                .
  140 0000000A                 ENDP
  141 0000000A         
  142 0000000A         HardFault_Handler
                               PROC
  143 0000000A                 EXPORT           HardFault_Handler              
 [WEAK]
  144 0000000A E7FE            B                .
  145 0000000C                 ENDP
  146 0000000C         
  147 0000000C         MemManage_Handler
                               PROC
  148 0000000C                 EXPORT           MemManage_Handler              



ARM Macro Assembler    Page 5 


 [WEAK]
  149 0000000C E7FE            B                .
  150 0000000E                 ENDP
  151 0000000E         
  152 0000000E         BusFault_Handler
                               PROC
  153 0000000E                 EXPORT           BusFault_Handler               
 [WEAK]
  154 0000000E E7FE            B                .
  155 00000010                 ENDP
  156 00000010         
  157 00000010         UsageFault_Handler
                               PROC
  158 00000010                 EXPORT           UsageFault_Handler             
 [WEAK]
  159 00000010 E7FE            B                .
  160 00000012                 ENDP
  161 00000012         
  162 00000012         SVC_Handler
                               PROC
  163 00000012                 EXPORT           SVC_Handler                    
 [WEAK]
  164 00000012 E7FE            B                .
  165 00000014                 ENDP
  166 00000014         
  167 00000014         DebugMon_Handler
                               PROC
  168 00000014                 EXPORT           DebugMon_Handler               
 [WEAK]
  169 00000014 E7FE            B                .
  170 00000016                 ENDP
  171 00000016         
  172 00000016         PendSV_Handler
                               PROC
  173 00000016                 EXPORT           PendSV_Handler                 
 [WEAK]
  174 00000016 E7FE            B                .
  175 00000018                 ENDP
  176 00000018         
  177 00000018         SysTick_Handler
                               PROC
  178 00000018                 EXPORT           SysTick_Handler                
 [WEAK]
  179 00000018 E7FE            B                .
  180 0000001A                 ENDP
  181 0000001A         
  182 0000001A         Default_Handler
                               PROC
  183 0000001A                 EXPORT           WWDG_IRQHandler                
 [WEAK]
  184 0000001A                 EXPORT           LVD_IRQHandler                 
 [WEAK]
  185 0000001A                 EXPORT           RTC_IRQHandler                 
 [WEAK]
  186 0000001A                 EXPORT           FMC_IRQHandler                 
 [WEAK]
  187 0000001A                 EXPORT           RCC_IRQHandler                 
 [WEAK]
  188 0000001A                 EXPORT           EXTI0_1_IRQHandler             



ARM Macro Assembler    Page 6 


 [WEAK]
  189 0000001A                 EXPORT           EXTI2_3_IRQHandler             
 [WEAK]
  190 0000001A                 EXPORT           EXTI4_15_IRQHandler            
 [WEAK]
  191 0000001A                 EXPORT           TS_IRQHandler                  
 [WEAK]
  192 0000001A                 EXPORT           DMA1_Channel1_IRQHandler       
 [WEAK]
  193 0000001A                 EXPORT           DMA1_Channel2_3_IRQHandler     
 [WEAK]
  194 0000001A                 EXPORT           DMA1_Channel4_5_IRQHandler     
 [WEAK]
  195 0000001A                 EXPORT           DMA1_Channel6_7_IRQHandler     
 [WEAK]
  196 0000001A                 EXPORT           ADC1_CMP_IRQHandler            
 [WEAK]
  197 0000001A                 EXPORT           TIM1_BRK_UP_TRG_COM_IRQHandler 
 [WEAK]
  198 0000001A                 EXPORT           TIM1_CC_IRQHandler             
 [WEAK]
  199 0000001A                 EXPORT           TIM2_IRQHandler                
 [WEAK]
  200 0000001A                 EXPORT           TIM3_IRQHandler                
 [WEAK]
  201 0000001A                 EXPORT           TIM6_DAC_IRQHandler            
 [WEAK]
  202 0000001A                 EXPORT           TIM14_IRQHandler               
 [WEAK]
  203 0000001A                 EXPORT           TIM15_IRQHandler               
 [WEAK]
  204 0000001A                 EXPORT           TIM16_IRQHandler               
 [WEAK]
  205 0000001A                 EXPORT           TIM17_IRQHandler               
 [WEAK]
  206 0000001A                 EXPORT           I2C1_EV_IRQHandler             
 [WEAK]
  207 0000001A                 EXPORT           I2C2_EV_IRQHandler             
 [WEAK]
  208 0000001A                 EXPORT           SPI1_IRQHandler                
 [WEAK]
  209 0000001A                 EXPORT           SPI2_IRQHandler                
 [WEAK]
  210 0000001A                 EXPORT           USART1_IRQHandler              
 [WEAK]
  211 0000001A                 EXPORT           USART2_IRQHandler              
 [WEAK]
  212 0000001A                 EXPORT           CEC_IRQHandler                 
 [WEAK]
  213 0000001A                 EXPORT           I2C1_ER_IRQHandler             
 [WEAK]
  214 0000001A                 EXPORT           I2C2_ER_IRQHandler             
 [WEAK]
  215 0000001A                 EXPORT           I2C3_EV_IRQHandler             
 [WEAK]
  216 0000001A                 EXPORT           I2C3_ER_IRQHandler             
 [WEAK]
  217 0000001A                 EXPORT           SPI3_IRQHandler                
 [WEAK]



ARM Macro Assembler    Page 7 


  218 0000001A                 EXPORT           USBWakeUp_IRQHandler           
 [WEAK]
  219 0000001A                 EXPORT           USB_HP_IRQHandler              
 [WEAK]
  220 0000001A                 EXPORT           USB_LP_IRQHandler              
 [WEAK]
  221 0000001A         
  222 0000001A         WWDG_IRQHandler
  223 0000001A         LVD_IRQHandler
  224 0000001A         RTC_IRQHandler
  225 0000001A         FMC_IRQHandler
  226 0000001A         RCC_IRQHandler
  227 0000001A         EXTI0_1_IRQHandler
  228 0000001A         EXTI2_3_IRQHandler
  229 0000001A         EXTI4_15_IRQHandler
  230 0000001A         TS_IRQHandler
  231 0000001A         DMA1_Channel1_IRQHandler
  232 0000001A         DMA1_Channel2_3_IRQHandler
  233 0000001A         DMA1_Channel4_5_IRQHandler
  234 0000001A         DMA1_Channel6_7_IRQHandler
  235 0000001A         ADC1_CMP_IRQHandler
  236 0000001A         TIM1_BRK_UP_TRG_COM_IRQHandler
  237 0000001A         TIM1_CC_IRQHandler
  238 0000001A         TIM2_IRQHandler
  239 0000001A         TIM3_IRQHandler
  240 0000001A         TIM6_DAC_IRQHandler
  241 0000001A         TIM14_IRQHandler
  242 0000001A         TIM15_IRQHandler
  243 0000001A         TIM16_IRQHandler
  244 0000001A         TIM17_IRQHandler
  245 0000001A         I2C1_EV_IRQHandler
  246 0000001A         I2C2_EV_IRQHandler
  247 0000001A         
  248 0000001A         SPI1_IRQHandler
  249 0000001A         SPI2_IRQHandler
  250 0000001A         USART1_IRQHandler
  251 0000001A         USART2_IRQHandler
  252 0000001A         CEC_IRQHandler
  253 0000001A         
  254 0000001A         I2C1_ER_IRQHandler
  255 0000001A         I2C2_ER_IRQHandler
  256 0000001A         I2C3_EV_IRQHandler
  257 0000001A         I2C3_ER_IRQHandler
  258 0000001A         SPI3_IRQHandler
  259 0000001A         USBWakeUp_IRQHandler
  260 0000001A         USB_HP_IRQHandler
  261 0000001A         USB_LP_IRQHandler
  262 0000001A E7FE            B                .
  263 0000001C                 ENDP
  264 0000001C         
  265 0000001C                 ALIGN
  266 0000001C         
  267 0000001C         ;*******************************************************
                       ************************
  268 0000001C         ; User Stack and Heap initialization
  269 0000001C         ;*******************************************************
                       ************************
  270 0000001C                 IF               :DEF:__MICROLIB
  277 0000001C         



ARM Macro Assembler    Page 8 


  278 0000001C                 IMPORT           __use_two_region_memory
  279 0000001C                 EXPORT           __user_initial_stackheap
  280 0000001C         
  281 0000001C         __user_initial_stackheap
  282 0000001C         
  283 0000001C 4804            LDR              R0, =  Heap_Mem
  284 0000001E 4905            LDR              R1, =(Stack_Mem + Stack_Size)
  285 00000020 4A05            LDR              R2, = (Heap_Mem +  Heap_Size)
  286 00000022 4B06            LDR              R3, = Stack_Mem
  287 00000024 4770            BX               LR
  288 00000026         
  289 00000026 00 00           ALIGN
  290 00000028         
  291 00000028                 ENDIF
  292 00000028         
  293 00000028                 END
              00000000 
              00000000 
              00000000 
              00000400 
              00000400 
              00000000 
Command Line: --debug --xref --diag_suppress=9931 --cpu=Cortex-M3 --apcs=interw
ork --depend=.\output\startup_gd32f1x0.d -o.\output\startup_gd32f1x0.o -IE:\Wor
kHope\S400\trunk\S400_GD130\MDK-ARM\RTE -IC:\Keil_v5\ARM\PACK\Keil\GD32F1xx_DFP
\1.1.0\Device\GD32F1x0\Include -IC:\Keil_v5\ARM\CMSIS\Include --predefine="__UV
ISION_VERSION SETA 520" --predefine="GD32F1x0 SETA 1" --list=.\list\startup_gd3
2f1x0.lst ..\Firmware\CMSIS\startup_gd32f1x0.s



ARM Macro Assembler    Page 1 Alphabetic symbol ordering
Relocatable symbols

STACK 00000000

Symbol: STACK
   Definitions
      At line 20 in file ..\Firmware\CMSIS\startup_gd32f1x0.s
   Uses
      None
Comment: STACK unused
Stack_Mem 00000000

Symbol: Stack_Mem
   Definitions
      At line 21 in file ..\Firmware\CMSIS\startup_gd32f1x0.s
   Uses
      At line 284 in file ..\Firmware\CMSIS\startup_gd32f1x0.s
      At line 286 in file ..\Firmware\CMSIS\startup_gd32f1x0.s

__initial_sp 00000400

Symbol: __initial_sp
   Definitions
      At line 22 in file ..\Firmware\CMSIS\startup_gd32f1x0.s
   Uses
      At line 44 in file ..\Firmware\CMSIS\startup_gd32f1x0.s
Comment: __initial_sp used once
3 symbols



ARM Macro Assembler    Page 1 Alphabetic symbol ordering
Relocatable symbols

HEAP 00000000

Symbol: HEAP
   Definitions
      At line 29 in file ..\Firmware\CMSIS\startup_gd32f1x0.s
   Uses
      None
Comment: HEAP unused
Heap_Mem 00000000

Symbol: Heap_Mem
   Definitions
      At line 31 in file ..\Firmware\CMSIS\startup_gd32f1x0.s
   Uses
      At line 283 in file ..\Firmware\CMSIS\startup_gd32f1x0.s
      At line 285 in file ..\Firmware\CMSIS\startup_gd32f1x0.s

__heap_base 00000000

Symbol: __heap_base
   Definitions
      At line 30 in file ..\Firmware\CMSIS\startup_gd32f1x0.s
   Uses
      None
Comment: __heap_base unused
__heap_limit 00000400

Symbol: __heap_limit
   Definitions
      At line 32 in file ..\Firmware\CMSIS\startup_gd32f1x0.s
   Uses
      None
Comment: __heap_limit unused
4 symbols



ARM Macro Assembler    Page 1 Alphabetic symbol ordering
Relocatable symbols

RESET 00000000

Symbol: RESET
   Definitions
      At line 39 in file ..\Firmware\CMSIS\startup_gd32f1x0.s
   Uses
      None
Comment: RESET unused
__Vectors 00000000

Symbol: __Vectors
   Definitions
      At line 44 in file ..\Firmware\CMSIS\startup_gd32f1x0.s
   Uses
      At line 40 in file ..\Firmware\CMSIS\startup_gd32f1x0.s
      At line 121 in file ..\Firmware\CMSIS\startup_gd32f1x0.s

__Vectors_End 0000015A

Symbol: __Vectors_End
   Definitions
      At line 119 in file ..\Firmware\CMSIS\startup_gd32f1x0.s
   Uses
      At line 41 in file ..\Firmware\CMSIS\startup_gd32f1x0.s
      At line 121 in file ..\Firmware\CMSIS\startup_gd32f1x0.s

3 symbols



ARM Macro Assembler    Page 1 Alphabetic symbol ordering
Relocatable symbols

.text 00000000

Symbol: .text
   Definitions
      At line 123 in file ..\Firmware\CMSIS\startup_gd32f1x0.s
   Uses
      None
Comment: .text unused
ADC1_CMP_IRQHandler 0000001A

Symbol: ADC1_CMP_IRQHandler
   Definitions
      At line 235 in file ..\Firmware\CMSIS\startup_gd32f1x0.s
   Uses
      At line 74 in file ..\Firmware\CMSIS\startup_gd32f1x0.s
      At line 196 in file ..\Firmware\CMSIS\startup_gd32f1x0.s

BusFault_Handler 0000000E

Symbol: BusFault_Handler
   Definitions
      At line 152 in file ..\Firmware\CMSIS\startup_gd32f1x0.s
   Uses
      At line 49 in file ..\Firmware\CMSIS\startup_gd32f1x0.s
      At line 153 in file ..\Firmware\CMSIS\startup_gd32f1x0.s

CEC_IRQHandler 0000001A

Symbol: CEC_IRQHandler
   Definitions
      At line 252 in file ..\Firmware\CMSIS\startup_gd32f1x0.s
   Uses
      At line 92 in file ..\Firmware\CMSIS\startup_gd32f1x0.s
      At line 212 in file ..\Firmware\CMSIS\startup_gd32f1x0.s

DMA1_Channel1_IRQHandler 0000001A

Symbol: DMA1_Channel1_IRQHandler
   Definitions
      At line 231 in file ..\Firmware\CMSIS\startup_gd32f1x0.s
   Uses
      At line 71 in file ..\Firmware\CMSIS\startup_gd32f1x0.s
      At line 192 in file ..\Firmware\CMSIS\startup_gd32f1x0.s

DMA1_Channel2_3_IRQHandler 0000001A

Symbol: DMA1_Channel2_3_IRQHandler
   Definitions
      At line 232 in file ..\Firmware\CMSIS\startup_gd32f1x0.s
   Uses
      At line 72 in file ..\Firmware\CMSIS\startup_gd32f1x0.s
      At line 193 in file ..\Firmware\CMSIS\startup_gd32f1x0.s

DMA1_Channel4_5_IRQHandler 0000001A

Symbol: DMA1_Channel4_5_IRQHandler
   Definitions
      At line 233 in file ..\Firmware\CMSIS\startup_gd32f1x0.s
   Uses



ARM Macro Assembler    Page 2 Alphabetic symbol ordering
Relocatable symbols

      At line 73 in file ..\Firmware\CMSIS\startup_gd32f1x0.s
      At line 194 in file ..\Firmware\CMSIS\startup_gd32f1x0.s

DMA1_Channel6_7_IRQHandler 0000001A

Symbol: DMA1_Channel6_7_IRQHandler
   Definitions
      At line 234 in file ..\Firmware\CMSIS\startup_gd32f1x0.s
   Uses
      At line 110 in file ..\Firmware\CMSIS\startup_gd32f1x0.s
      At line 195 in file ..\Firmware\CMSIS\startup_gd32f1x0.s

DebugMon_Handler 00000014

Symbol: DebugMon_Handler
   Definitions
      At line 167 in file ..\Firmware\CMSIS\startup_gd32f1x0.s
   Uses
      At line 56 in file ..\Firmware\CMSIS\startup_gd32f1x0.s
      At line 168 in file ..\Firmware\CMSIS\startup_gd32f1x0.s

Default_Handler 0000001A

Symbol: Default_Handler
   Definitions
      At line 182 in file ..\Firmware\CMSIS\startup_gd32f1x0.s
   Uses
      None
Comment: Default_Handler unused
EXTI0_1_IRQHandler 0000001A

Symbol: EXTI0_1_IRQHandler
   Definitions
      At line 227 in file ..\Firmware\CMSIS\startup_gd32f1x0.s
   Uses
      At line 67 in file ..\Firmware\CMSIS\startup_gd32f1x0.s
      At line 188 in file ..\Firmware\CMSIS\startup_gd32f1x0.s

EXTI2_3_IRQHandler 0000001A

Symbol: EXTI2_3_IRQHandler
   Definitions
      At line 228 in file ..\Firmware\CMSIS\startup_gd32f1x0.s
   Uses
      At line 68 in file ..\Firmware\CMSIS\startup_gd32f1x0.s
      At line 189 in file ..\Firmware\CMSIS\startup_gd32f1x0.s

EXTI4_15_IRQHandler 0000001A

Symbol: EXTI4_15_IRQHandler
   Definitions
      At line 229 in file ..\Firmware\CMSIS\startup_gd32f1x0.s
   Uses
      At line 69 in file ..\Firmware\CMSIS\startup_gd32f1x0.s
      At line 190 in file ..\Firmware\CMSIS\startup_gd32f1x0.s

FMC_IRQHandler 0000001A

Symbol: FMC_IRQHandler



ARM Macro Assembler    Page 3 Alphabetic symbol ordering
Relocatable symbols

   Definitions
      At line 225 in file ..\Firmware\CMSIS\startup_gd32f1x0.s
   Uses
      At line 65 in file ..\Firmware\CMSIS\startup_gd32f1x0.s
      At line 186 in file ..\Firmware\CMSIS\startup_gd32f1x0.s

HardFault_Handler 0000000A

Symbol: HardFault_Handler
   Definitions
      At line 142 in file ..\Firmware\CMSIS\startup_gd32f1x0.s
   Uses
      At line 47 in file ..\Firmware\CMSIS\startup_gd32f1x0.s
      At line 143 in file ..\Firmware\CMSIS\startup_gd32f1x0.s

I2C1_ER_IRQHandler 0000001A

Symbol: I2C1_ER_IRQHandler
   Definitions
      At line 254 in file ..\Firmware\CMSIS\startup_gd32f1x0.s
   Uses
      At line 94 in file ..\Firmware\CMSIS\startup_gd32f1x0.s
      At line 213 in file ..\Firmware\CMSIS\startup_gd32f1x0.s

I2C1_EV_IRQHandler 0000001A

Symbol: I2C1_EV_IRQHandler
   Definitions
      At line 245 in file ..\Firmware\CMSIS\startup_gd32f1x0.s
   Uses
      At line 85 in file ..\Firmware\CMSIS\startup_gd32f1x0.s
      At line 206 in file ..\Firmware\CMSIS\startup_gd32f1x0.s

I2C2_ER_IRQHandler 0000001A

Symbol: I2C2_ER_IRQHandler
   Definitions
      At line 255 in file ..\Firmware\CMSIS\startup_gd32f1x0.s
   Uses
      At line 96 in file ..\Firmware\CMSIS\startup_gd32f1x0.s
      At line 214 in file ..\Firmware\CMSIS\startup_gd32f1x0.s

I2C2_EV_IRQHandler 0000001A

Symbol: I2C2_EV_IRQHandler
   Definitions
      At line 246 in file ..\Firmware\CMSIS\startup_gd32f1x0.s
   Uses
      At line 86 in file ..\Firmware\CMSIS\startup_gd32f1x0.s
      At line 207 in file ..\Firmware\CMSIS\startup_gd32f1x0.s

I2C3_ER_IRQHandler 0000001A

Symbol: I2C3_ER_IRQHandler
   Definitions
      At line 257 in file ..\Firmware\CMSIS\startup_gd32f1x0.s
   Uses
      At line 98 in file ..\Firmware\CMSIS\startup_gd32f1x0.s
      At line 216 in file ..\Firmware\CMSIS\startup_gd32f1x0.s



ARM Macro Assembler    Page 4 Alphabetic symbol ordering
Relocatable symbols


I2C3_EV_IRQHandler 0000001A

Symbol: I2C3_EV_IRQHandler
   Definitions
      At line 256 in file ..\Firmware\CMSIS\startup_gd32f1x0.s
   Uses
      At line 97 in file ..\Firmware\CMSIS\startup_gd32f1x0.s
      At line 215 in file ..\Firmware\CMSIS\startup_gd32f1x0.s

LVD_IRQHandler 0000001A

Symbol: LVD_IRQHandler
   Definitions
      At line 223 in file ..\Firmware\CMSIS\startup_gd32f1x0.s
   Uses
      At line 63 in file ..\Firmware\CMSIS\startup_gd32f1x0.s
      At line 184 in file ..\Firmware\CMSIS\startup_gd32f1x0.s

MemManage_Handler 0000000C

Symbol: MemManage_Handler
   Definitions
      At line 147 in file ..\Firmware\CMSIS\startup_gd32f1x0.s
   Uses
      At line 48 in file ..\Firmware\CMSIS\startup_gd32f1x0.s
      At line 148 in file ..\Firmware\CMSIS\startup_gd32f1x0.s

NMI_Handler 00000008

Symbol: NMI_Handler
   Definitions
      At line 137 in file ..\Firmware\CMSIS\startup_gd32f1x0.s
   Uses
      At line 46 in file ..\Firmware\CMSIS\startup_gd32f1x0.s
      At line 138 in file ..\Firmware\CMSIS\startup_gd32f1x0.s

PendSV_Handler 00000016

Symbol: PendSV_Handler
   Definitions
      At line 172 in file ..\Firmware\CMSIS\startup_gd32f1x0.s
   Uses
      At line 58 in file ..\Firmware\CMSIS\startup_gd32f1x0.s
      At line 173 in file ..\Firmware\CMSIS\startup_gd32f1x0.s

RCC_IRQHandler 0000001A

Symbol: RCC_IRQHandler
   Definitions
      At line 226 in file ..\Firmware\CMSIS\startup_gd32f1x0.s
   Uses
      At line 66 in file ..\Firmware\CMSIS\startup_gd32f1x0.s
      At line 187 in file ..\Firmware\CMSIS\startup_gd32f1x0.s

RTC_IRQHandler 0000001A

Symbol: RTC_IRQHandler
   Definitions



ARM Macro Assembler    Page 5 Alphabetic symbol ordering
Relocatable symbols

      At line 224 in file ..\Firmware\CMSIS\startup_gd32f1x0.s
   Uses
      At line 64 in file ..\Firmware\CMSIS\startup_gd32f1x0.s
      At line 185 in file ..\Firmware\CMSIS\startup_gd32f1x0.s

Reset_Handler 00000000

Symbol: Reset_Handler
   Definitions
      At line 126 in file ..\Firmware\CMSIS\startup_gd32f1x0.s
   Uses
      At line 45 in file ..\Firmware\CMSIS\startup_gd32f1x0.s
      At line 127 in file ..\Firmware\CMSIS\startup_gd32f1x0.s

SPI1_IRQHandler 0000001A

Symbol: SPI1_IRQHandler
   Definitions
      At line 248 in file ..\Firmware\CMSIS\startup_gd32f1x0.s
   Uses
      At line 87 in file ..\Firmware\CMSIS\startup_gd32f1x0.s
      At line 208 in file ..\Firmware\CMSIS\startup_gd32f1x0.s

SPI2_IRQHandler 0000001A

Symbol: SPI2_IRQHandler
   Definitions
      At line 249 in file ..\Firmware\CMSIS\startup_gd32f1x0.s
   Uses
      At line 88 in file ..\Firmware\CMSIS\startup_gd32f1x0.s
      At line 209 in file ..\Firmware\CMSIS\startup_gd32f1x0.s

SPI3_IRQHandler 0000001A

Symbol: SPI3_IRQHandler
   Definitions
      At line 258 in file ..\Firmware\CMSIS\startup_gd32f1x0.s
   Uses
      At line 113 in file ..\Firmware\CMSIS\startup_gd32f1x0.s
      At line 217 in file ..\Firmware\CMSIS\startup_gd32f1x0.s

SVC_Handler 00000012

Symbol: SVC_Handler
   Definitions
      At line 162 in file ..\Firmware\CMSIS\startup_gd32f1x0.s
   Uses
      At line 55 in file ..\Firmware\CMSIS\startup_gd32f1x0.s
      At line 163 in file ..\Firmware\CMSIS\startup_gd32f1x0.s

SysTick_Handler 00000018

Symbol: SysTick_Handler
   Definitions
      At line 177 in file ..\Firmware\CMSIS\startup_gd32f1x0.s
   Uses
      At line 59 in file ..\Firmware\CMSIS\startup_gd32f1x0.s
      At line 178 in file ..\Firmware\CMSIS\startup_gd32f1x0.s




ARM Macro Assembler    Page 6 Alphabetic symbol ordering
Relocatable symbols

TIM14_IRQHandler 0000001A

Symbol: TIM14_IRQHandler
   Definitions
      At line 241 in file ..\Firmware\CMSIS\startup_gd32f1x0.s
   Uses
      At line 81 in file ..\Firmware\CMSIS\startup_gd32f1x0.s
      At line 202 in file ..\Firmware\CMSIS\startup_gd32f1x0.s

TIM15_IRQHandler 0000001A

Symbol: TIM15_IRQHandler
   Definitions
      At line 242 in file ..\Firmware\CMSIS\startup_gd32f1x0.s
   Uses
      At line 82 in file ..\Firmware\CMSIS\startup_gd32f1x0.s
      At line 203 in file ..\Firmware\CMSIS\startup_gd32f1x0.s

TIM16_IRQHandler 0000001A

Symbol: TIM16_IRQHandler
   Definitions
      At line 243 in file ..\Firmware\CMSIS\startup_gd32f1x0.s
   Uses
      At line 83 in file ..\Firmware\CMSIS\startup_gd32f1x0.s
      At line 204 in file ..\Firmware\CMSIS\startup_gd32f1x0.s

TIM17_IRQHandler 0000001A

Symbol: TIM17_IRQHandler
   Definitions
      At line 244 in file ..\Firmware\CMSIS\startup_gd32f1x0.s
   Uses
      At line 84 in file ..\Firmware\CMSIS\startup_gd32f1x0.s
      At line 205 in file ..\Firmware\CMSIS\startup_gd32f1x0.s

TIM1_BRK_UP_TRG_COM_IRQHandler 0000001A

Symbol: TIM1_BRK_UP_TRG_COM_IRQHandler
   Definitions
      At line 236 in file ..\Firmware\CMSIS\startup_gd32f1x0.s
   Uses
      At line 75 in file ..\Firmware\CMSIS\startup_gd32f1x0.s
      At line 197 in file ..\Firmware\CMSIS\startup_gd32f1x0.s

TIM1_CC_IRQHandler 0000001A

Symbol: TIM1_CC_IRQHandler
   Definitions
      At line 237 in file ..\Firmware\CMSIS\startup_gd32f1x0.s
   Uses
      At line 76 in file ..\Firmware\CMSIS\startup_gd32f1x0.s
      At line 198 in file ..\Firmware\CMSIS\startup_gd32f1x0.s

TIM2_IRQHandler 0000001A

Symbol: TIM2_IRQHandler
   Definitions
      At line 238 in file ..\Firmware\CMSIS\startup_gd32f1x0.s



ARM Macro Assembler    Page 7 Alphabetic symbol ordering
Relocatable symbols

   Uses
      At line 77 in file ..\Firmware\CMSIS\startup_gd32f1x0.s
      At line 199 in file ..\Firmware\CMSIS\startup_gd32f1x0.s

TIM3_IRQHandler 0000001A

Symbol: TIM3_IRQHandler
   Definitions
      At line 239 in file ..\Firmware\CMSIS\startup_gd32f1x0.s
   Uses
      At line 78 in file ..\Firmware\CMSIS\startup_gd32f1x0.s
      At line 200 in file ..\Firmware\CMSIS\startup_gd32f1x0.s

TIM6_DAC_IRQHandler 0000001A

Symbol: TIM6_DAC_IRQHandler
   Definitions
      At line 240 in file ..\Firmware\CMSIS\startup_gd32f1x0.s
   Uses
      At line 79 in file ..\Firmware\CMSIS\startup_gd32f1x0.s
      At line 201 in file ..\Firmware\CMSIS\startup_gd32f1x0.s

TS_IRQHandler 0000001A

Symbol: TS_IRQHandler
   Definitions
      At line 230 in file ..\Firmware\CMSIS\startup_gd32f1x0.s
   Uses
      At line 70 in file ..\Firmware\CMSIS\startup_gd32f1x0.s
      At line 191 in file ..\Firmware\CMSIS\startup_gd32f1x0.s

USART1_IRQHandler 0000001A

Symbol: USART1_IRQHandler
   Definitions
      At line 250 in file ..\Firmware\CMSIS\startup_gd32f1x0.s
   Uses
      At line 89 in file ..\Firmware\CMSIS\startup_gd32f1x0.s
      At line 210 in file ..\Firmware\CMSIS\startup_gd32f1x0.s

USART2_IRQHandler 0000001A

Symbol: USART2_IRQHandler
   Definitions
      At line 251 in file ..\Firmware\CMSIS\startup_gd32f1x0.s
   Uses
      At line 90 in file ..\Firmware\CMSIS\startup_gd32f1x0.s
      At line 211 in file ..\Firmware\CMSIS\startup_gd32f1x0.s

USBWakeUp_IRQHandler 0000001A

Symbol: USBWakeUp_IRQHandler
   Definitions
      At line 259 in file ..\Firmware\CMSIS\startup_gd32f1x0.s
   Uses
      At line 104 in file ..\Firmware\CMSIS\startup_gd32f1x0.s
      At line 218 in file ..\Firmware\CMSIS\startup_gd32f1x0.s

USB_HP_IRQHandler 0000001A



ARM Macro Assembler    Page 8 Alphabetic symbol ordering
Relocatable symbols


Symbol: USB_HP_IRQHandler
   Definitions
      At line 260 in file ..\Firmware\CMSIS\startup_gd32f1x0.s
   Uses
      At line 100 in file ..\Firmware\CMSIS\startup_gd32f1x0.s
      At line 219 in file ..\Firmware\CMSIS\startup_gd32f1x0.s

USB_LP_IRQHandler 0000001A

Symbol: USB_LP_IRQHandler
   Definitions
      At line 261 in file ..\Firmware\CMSIS\startup_gd32f1x0.s
   Uses
      At line 99 in file ..\Firmware\CMSIS\startup_gd32f1x0.s
      At line 220 in file ..\Firmware\CMSIS\startup_gd32f1x0.s

UsageFault_Handler 00000010

Symbol: UsageFault_Handler
   Definitions
      At line 157 in file ..\Firmware\CMSIS\startup_gd32f1x0.s
   Uses
      At line 50 in file ..\Firmware\CMSIS\startup_gd32f1x0.s
      At line 158 in file ..\Firmware\CMSIS\startup_gd32f1x0.s

WWDG_IRQHandler 0000001A

Symbol: WWDG_IRQHandler
   Definitions
      At line 222 in file ..\Firmware\CMSIS\startup_gd32f1x0.s
   Uses
      At line 62 in file ..\Firmware\CMSIS\startup_gd32f1x0.s
      At line 183 in file ..\Firmware\CMSIS\startup_gd32f1x0.s

__user_initial_stackheap 0000001C

Symbol: __user_initial_stackheap
   Definitions
      At line 281 in file ..\Firmware\CMSIS\startup_gd32f1x0.s
   Uses
      At line 279 in file ..\Firmware\CMSIS\startup_gd32f1x0.s
Comment: __user_initial_stackheap used once
51 symbols



ARM Macro Assembler    Page 1 Alphabetic symbol ordering
Absolute symbols

Heap_Size 00000400

Symbol: Heap_Size
   Definitions
      At line 27 in file ..\Firmware\CMSIS\startup_gd32f1x0.s
   Uses
      At line 31 in file ..\Firmware\CMSIS\startup_gd32f1x0.s
      At line 285 in file ..\Firmware\CMSIS\startup_gd32f1x0.s

Stack_Size 00000400

Symbol: Stack_Size
   Definitions
      At line 18 in file ..\Firmware\CMSIS\startup_gd32f1x0.s
   Uses
      At line 21 in file ..\Firmware\CMSIS\startup_gd32f1x0.s
      At line 284 in file ..\Firmware\CMSIS\startup_gd32f1x0.s

__Vectors_Size 0000015A

Symbol: __Vectors_Size
   Definitions
      At line 121 in file ..\Firmware\CMSIS\startup_gd32f1x0.s
   Uses
      At line 42 in file ..\Firmware\CMSIS\startup_gd32f1x0.s
Comment: __Vectors_Size used once
3 symbols



ARM Macro Assembler    Page 1 Alphabetic symbol ordering
External symbols

System_Init 00000000

Symbol: System_Init
   Definitions
      At line 129 in file ..\Firmware\CMSIS\startup_gd32f1x0.s
   Uses
      At line 130 in file ..\Firmware\CMSIS\startup_gd32f1x0.s
Comment: System_Init used once
__main 00000000

Symbol: __main
   Definitions
      At line 128 in file ..\Firmware\CMSIS\startup_gd32f1x0.s
   Uses
      At line 132 in file ..\Firmware\CMSIS\startup_gd32f1x0.s
Comment: __main used once
__use_two_region_memory 00000000

Symbol: __use_two_region_memory
   Definitions
      At line 278 in file ..\Firmware\CMSIS\startup_gd32f1x0.s
   Uses
      None
Comment: __use_two_region_memory unused
3 symbols
403 symbols in table
